<xml><ToUserName><![CDATA[gh_098dac01e29b]]></ToUserName>
<FromUserName><![CDATA[oeHfxwNCKSA0bEFk8CSaUJTeScZ4]]></FromUserName>
<CreateTime>1440221111</CreateTime>
<MsgType><![CDATA[text]]></MsgType>
<Content><![CDATA[ç»™ç‹—ç‹—]]></Content>
<MsgId>6185702570964718518</MsgId>
</xml>
<xml><ToUserName><![CDATA[gh_098dac01e29b]]></ToUserName>
<FromUserName><![CDATA[oeHfxwAIkN6fPscPnZRLssOtQsXw]]></FromUserName>
<CreateTime>1440225769</CreateTime>
<MsgType><![CDATA[text]]></MsgType>
<Content><![CDATA[è¯·]]></Content>
<MsgId>6185722576922384351</MsgId>
</xml>
<xml><ToUserName><![CDATA[gh_098dac01e29b]]></ToUserName>
<FromUserName><![CDATA[oeHfxwAIkN6fPscPnZRLssOtQsXw]]></FromUserName>
<CreateTime>1440225791</CreateTime>
<MsgType><![CDATA[text]]></MsgType>
<Content><![CDATA[è¯·]]></Content>
<MsgId>6185722671411664871</MsgId>
</xml>
<xml><ToUserName><![CDATA[gh_098dac01e29b]]></ToUserName>
<FromUserName><![CDATA[oeHfxwAIkN6fPscPnZRLssOtQsXw]]></FromUserName>
<CreateTime>1440225821</CreateTime>
<MsgType><![CDATA[text]]></MsgType>
<Content><![CDATA[è¯·]]></Content>
<MsgId>6185722800260683765</MsgId>
</xml>
<xml><ToUserName><![CDATA[gh_098dac01e29b]]></ToUserName>
<FromUserName><![CDATA[oeHfxwAIkN6fPscPnZRLssOtQsXw]]></FromUserName>
<CreateTime>1440230135</CreateTime>
<MsgType><![CDATA[text]]></MsgType>
<Content><![CDATA[è¯·]]></Content>
<MsgId>6185741328749599631</MsgId>
</xml>
<xml><ToUserName><![CDATA[oeHfxwAIkN6fPscPnZRLssOtQsXw]]></ToUserName><FromUserName><![CDATA[gh_098dac01e29b]]></FromUserName><MsgType><![CDATA[text]]></MsgType><Content><![CDATA[è¯·è¾“å…¥æ·˜å®å•†å“çš„é“¾æŽ¥åœ°å€]]></Content><CreateTime><![CDATA[1440230135]]></CreateTime><FuncFlag><![CDATA[0]]></FuncFlag></xml>
<xml><ToUserName><![CDATA[gh_098dac01e29b]]></ToUserName>
<FromUserName><![CDATA[oeHfxwAIkN6fPscPnZRLssOtQsXw]]></FromUserName>
<CreateTime>1440230210</CreateTime>
<MsgType><![CDATA[text]]></MsgType>
<Content><![CDATA[èµ·]]></Content>
<MsgId>6185741650872146852</MsgId>
</xml>
<xml><ToUserName><![CDATA[oeHfxwAIkN6fPscPnZRLssOtQsXw]]></ToUserName><FromUserName><![CDATA[gh_098dac01e29b]]></FromUserName><MsgType><![CDATA[text]]></MsgType><Content><![CDATA[è¯·è¾“å…¥æ­£ç¡®çš„å•†å“é“¾æŽ¥åœ°å€]]></Content><CreateTime><![CDATA[1440230210]]></CreateTime><FuncFlag><![CDATA[0]]></FuncFlag></xml>
<xml><ToUserName><![CDATA[gh_098dac01e29b]]></ToUserName>
<FromUserName><![CDATA[oeHfxwAIkN6fPscPnZRLssOtQsXw]]></FromUserName>
<CreateTime>1440230222</CreateTime>
<MsgType><![CDATA[text]]></MsgType>
<Content><![CDATA[http://item.jd.com/1754939.html]]></Content>
<MsgId>6185741702411754414</MsgId>
</xml>
<xml><ToUserName><![CDATA[oeHfxwAIkN6fPscPnZRLssOtQsXw]]></ToUserName><FromUserName><![CDATA[gh_098dac01e29b]]></FromUserName><MsgType><![CDATA[text]]></MsgType><Content><![CDATA[http://wx.shopflow.cn/show/1]]></Content><CreateTime><![CDATA[1440230222]]></CreateTime><FuncFlag><![CDATA[0]]></FuncFlag></xml>
<xml><ToUserName><![CDATA[gh_098dac01e29b]]></ToUserName>
<FromUserName><![CDATA[oeHfxwAIkN6fPscPnZRLssOtQsXw]]></FromUserName>
<CreateTime>1440230303</CreateTime>
<MsgType><![CDATA[text]]></MsgType>
<Content><![CDATA[http://item.jd.com/1754939.html]]></Content>
<MsgId>6185742050304105405</MsgId>
</xml>
<xml><ToUserName><![CDATA[oeHfxwAIkN6fPscPnZRLssOtQsXw]]></ToUserName><FromUserName><![CDATA[gh_098dac01e29b]]></FromUserName><MsgType><![CDATA[text]]></MsgType><Content><![CDATA[http://wx.shopflow.cn/show/MHAA]]></Content><CreateTime><![CDATA[1440230303]]></CreateTime><FuncFlag><![CDATA[0]]></FuncFlag></xml>
<xml><ToUserName><![CDATA[gh_098dac01e29b]]></ToUserName>
<FromUserName><![CDATA[oeHfxwAIkN6fPscPnZRLssOtQsXw]]></FromUserName>
<CreateTime>1440230454</CreateTime>
<MsgType><![CDATA[text]]></MsgType>
<Content><![CDATA[https://detail.m.tmall.com/item.htm?spm=a222r.13133.1999062689.2.tlGYL3&id=45688531582&acm=lb-zebra-13133-225347.1003.1.382848&aldid=AMW3pgxR&scm=1003.1.lb-zebra-13133-225347.ITEM_45688531582_382848&pos=2]]></Content>
<MsgId>6185742698844167131</MsgId>
</xml>
<xml><ToUserName><![CDATA[oeHfxwAIkN6fPscPnZRLssOtQsXw]]></ToUserName><FromUserName><![CDATA[gh_098dac01e29b]]></FromUserName><MsgType><![CDATA[text]]></MsgType><Content><![CDATA[http://wx.shopflow.cn/show/XPTV]]></Content><CreateTime><![CDATA[1440230454]]></CreateTime><FuncFlag><![CDATA[0]]></FuncFlag></xml>
<xml><ToUserName><![CDATA[gh_098dac01e29b]]></ToUserName>
<FromUserName><![CDATA[oeHfxwNCKSA0bEFk8CSaUJTeScZ4]]></FromUserName>
<CreateTime>1440232242</CreateTime>
<MsgType><![CDATA[text]]></MsgType>
<Content><![CDATA[æ·˜å®å•†å“:ã€æ˜¾ç˜¦ç¥žå™¨ã€‘2015æ–°é«˜è…°ç‰›ä»”çŸ­è£¤å¥³å¤å­£æ½®å¥³å£«å®½æ¾å¤§ç èƒ–mmç‰›ä»”è£¤ http://b.mashort.cn/S.wIeHk?sm=adaec2 (ðŸ‘‰ðŸ‘‰ðŸ‘‰å¤åˆ¶æ•´æ®µä¿¡æ¯ï¼Œæ‰“å¼€æ‰‹æœºæ·˜å®å¯ç›´æŽ¥è®¿é—®ðŸ‘ˆðŸ‘ˆðŸ‘ˆ)]]></Content>
<MsgId>6185750378245692836</MsgId>
</xml>
<xml><ToUserName><![CDATA[oeHfxwNCKSA0bEFk8CSaUJTeScZ4]]></ToUserName><FromUserName><![CDATA[gh_098dac01e29b]]></FromUserName><MsgType><![CDATA[text]]></MsgType><Content><![CDATA[è¯·è¾“å…¥æ­£ç¡®çš„å•†å“é“¾æŽ¥åœ°å€]]></Content><CreateTime><![CDATA[1440232242]]></CreateTime><FuncFlag><![CDATA[0]]></FuncFlag></xml>
<xml><ToUserName><![CDATA[gh_098dac01e29b]]></ToUserName>
<FromUserName><![CDATA[oeHfxwNCKSA0bEFk8CSaUJTeScZ4]]></FromUserName>
<CreateTime>1440232348</CreateTime>
<MsgType><![CDATA[text]]></MsgType>
<Content><![CDATA[https://detail.m.tmall.com/item.htm?spm=0.0.0.0.TGBUnd&id=44921223497&sid=ce67a342adbda0704fa22b8af47ffdff&rn=adf74141ccd8b420077f6dc9e99a9e8e&abtest=17]]></Content>
<MsgId>6185750833512226252</MsgId>
</xml>
<xml><ToUserName><![CDATA[oeHfxwNCKSA0bEFk8CSaUJTeScZ4]]></ToUserName><FromUserName><![CDATA[gh_098dac01e29b]]></FromUserName><MsgType><![CDATA[text]]></MsgType><Content><![CDATA[http://wx.shopflow.cn/show/18YDG]]></Content><CreateTime><![CDATA[1440232348]]></CreateTime><FuncFlag><![CDATA[0]]></FuncFlag></xml>
<xml><ToUserName><![CDATA[gh_098dac01e29b]]></ToUserName>
<FromUserName><![CDATA[oeHfxwAIkN6fPscPnZRLssOtQsXw]]></FromUserName>
<CreateTime>1440232630</CreateTime>
<MsgType><![CDATA[text]]></MsgType>
<Content><![CDATA[http://item.jd.com/1754939.html]]></Content>
<MsgId>6185752044693003773</MsgId>
</xml>
<xml><ToUserName><![CDATA[oeHfxwAIkN6fPscPnZRLssOtQsXw]]></ToUserName><FromUserName><![CDATA[gh_098dac01e29b]]></FromUserName><MsgType><![CDATA[text]]></MsgType><Content><![CDATA[http://i.shopflow.cn/show/B8QP]]></Content><CreateTime><![CDATA[1440232631]]></CreateTime><FuncFlag><![CDATA[0]]></FuncFlag></xml>
<xml><ToUserName><![CDATA[gh_098dac01e29b]]></ToUserName>
<FromUserName><![CDATA[oeHfxwAIkN6fPscPnZRLssOtQsXw]]></FromUserName>
<CreateTime>1440233680</CreateTime>
<MsgType><![CDATA[text]]></MsgType>
<Content><![CDATA[https://detail.tmall.com/item.htm?spm=a220m.1000858.1000725.29.oG5YU1&id=41358856394&skuId=103051860292&areaId=310100&cat_id=51146011&rn=d19acaab4a306f5a1b5f30d991f1ef50&user_id=826686633&is_b=1]]></Content>
<MsgId>6185756554408664824</MsgId>
</xml>
<xml><ToUserName><![CDATA[oeHfxwAIkN6fPscPnZRLssOtQsXw]]></ToUserName><FromUserName><![CDATA[gh_098dac01e29b]]></FromUserName><MsgType><![CDATA[text]]></MsgType><Content><![CDATA[http://i.shopflow.cn/show/1K6X1]]></Content><CreateTime><![CDATA[1440233680]]></CreateTime><FuncFlag><![CDATA[0]]></FuncFlag></xml>
<xml><ToUserName><![CDATA[gh_098dac01e29b]]></ToUserName>
<FromUserName><![CDATA[oeHfxwIEQ3mZIuCTDKsZ7o5fboM0]]></FromUserName>
<CreateTime>1440255568</CreateTime>
<MsgType><![CDATA[event]]></MsgType>
<Event><![CDATA[subscribe]]></Event>
<EventKey><![CDATA[]]></EventKey>
</xml>
