<xml><ToUserName><![CDATA[gh_098dac01e29b]]></ToUserName>
<FromUserName><![CDATA[oeHfxwNCKSA0bEFk8CSaUJTeScZ4]]></FromUserName>
<CreateTime>1440989344</CreateTime>
<MsgType><![CDATA[event]]></MsgType>
<Event><![CDATA[LOCATION]]></Event>
<Latitude>31.173754</Latitude>
<Longitude>121.406693</Longitude>
<Precision>97.259056</Precision>
</xml>
<xml><ToUserName><![CDATA[gh_098dac01e29b]]></ToUserName>
<FromUserName><![CDATA[oeHfxwNCKSA0bEFk8CSaUJTeScZ4]]></FromUserName>
<CreateTime>1440989367</CreateTime>
<MsgType><![CDATA[event]]></MsgType>
<Event><![CDATA[LOCATION]]></Event>
<Latitude>31.173458</Latitude>
<Longitude>121.406731</Longitude>
<Precision>50.000000</Precision>
</xml>
<xml><ToUserName><![CDATA[gh_098dac01e29b]]></ToUserName>
<FromUserName><![CDATA[oeHfxwNCKSA0bEFk8CSaUJTeScZ4]]></FromUserName>
<CreateTime>1440989373</CreateTime>
<MsgType><![CDATA[event]]></MsgType>
<Event><![CDATA[LOCATION]]></Event>
<Latitude>31.173302</Latitude>
<Longitude>121.406883</Longitude>
<Precision>10.000000</Precision>
</xml>
<xml><ToUserName><![CDATA[gh_098dac01e29b]]></ToUserName>
<FromUserName><![CDATA[oeHfxwNCKSA0bEFk8CSaUJTeScZ4]]></FromUserName>
<CreateTime>1440989378</CreateTime>
<MsgType><![CDATA[event]]></MsgType>
<Event><![CDATA[LOCATION]]></Event>
<Latitude>31.173347</Latitude>
<Longitude>121.406853</Longitude>
<Precision>10.000000</Precision>
</xml>
<xml><ToUserName><![CDATA[gh_098dac01e29b]]></ToUserName>
<FromUserName><![CDATA[oeHfxwNCKSA0bEFk8CSaUJTeScZ4]]></FromUserName>
<CreateTime>1440989413</CreateTime>
<MsgType><![CDATA[event]]></MsgType>
<Event><![CDATA[LOCATION]]></Event>
<Latitude>31.173347</Latitude>
<Longitude>121.406853</Longitude>
<Precision>10.000000</Precision>
</xml>
<xml><ToUserName><![CDATA[gh_098dac01e29b]]></ToUserName>
<FromUserName><![CDATA[oeHfxwNCKSA0bEFk8CSaUJTeScZ4]]></FromUserName>
<CreateTime>1440989414</CreateTime>
<MsgType><![CDATA[event]]></MsgType>
<Event><![CDATA[LOCATION]]></Event>
<Latitude>31.173388</Latitude>
<Longitude>121.406815</Longitude>
<Precision>30.000000</Precision>
</xml>
