<xml><ToUserName><![CDATA[gh_098dac01e29b]]></ToUserName>
<FromUserName><![CDATA[oeHfxwAIkN6fPscPnZRLssOtQsXw]]></FromUserName>
<CreateTime>1441271931</CreateTime>
<MsgType><![CDATA[text]]></MsgType>
<Content><![CDATA[https://detail.tmall.com/item.htm?spm=a220m.1000858.1000725.29.oG5YU1&id=41358856394&skuId=103051860292&areaId=310100&cat_id=51146011&rn=d19acaab4a306f5a1b5f30d991f1ef50&user_id=826686633&is_b=1]]></Content>
<MsgId>6190215808498940051</MsgId>
</xml>
<xml><ToUserName><![CDATA[oeHfxwAIkN6fPscPnZRLssOtQsXw]]></ToUserName><FromUserName><![CDATA[gh_098dac01e29b]]></FromUserName><MsgType><![CDATA[text]]></MsgType><Content><![CDATA[http://i.shopflow.cn/show/1K6X1]]></Content><CreateTime><![CDATA[1441140565]]></CreateTime><FuncFlag><![CDATA[0]]></FuncFlag></xml>
<xml><ToUserName><![CDATA[gh_098dac01e29b]]></ToUserName>
<FromUserName><![CDATA[oeHfxwAIkN6fPscPnZRLssOtQsXw]]></FromUserName>
<CreateTime>1441274262</CreateTime>
<MsgType><![CDATA[text]]></MsgType>
<Content><![CDATA[https://detail.tmall.com/item.htm?spm=a220m.1000858.1000725.29.oG5YU1&id=41358856394&skuId=103051860292&areaId=310100&cat_id=51146011&rn=d19acaab4a306f5a1b5f30d991f1ef50&user_id=826686633&is_b=1]]></Content>
<MsgId>6190225820067707372</MsgId>
</xml>
<xml><ToUserName><![CDATA[oeHfxwAIkN6fPscPnZRLssOtQsXw]]></ToUserName><FromUserName><![CDATA[gh_098dac01e29b]]></FromUserName><MsgType><![CDATA[text]]></MsgType><Content><![CDATA[http://i.shopflow.cn/show/1K6X1]]></Content><CreateTime><![CDATA[1441142896]]></CreateTime><FuncFlag><![CDATA[0]]></FuncFlag></xml>
<xml><ToUserName><![CDATA[gh_098dac01e29b]]></ToUserName>
<FromUserName><![CDATA[oeHfxwAIkN6fPscPnZRLssOtQsXw]]></FromUserName>
<CreateTime>1441274462</CreateTime>
<MsgType><![CDATA[text]]></MsgType>
<Content><![CDATA[https://detail.tmall.com/item.htm?spm=a220m.1000858.1000725.29.oG5YU1&id=41358856394&skuId=103051860292&areaId=310100&cat_id=51146011&rn=d19acaab4a306f5a1b5f30d991f1ef50&user_id=826686633&is_b=1]]></Content>
<MsgId>6190226679061166598</MsgId>
</xml>
<xml><ToUserName><![CDATA[oeHfxwAIkN6fPscPnZRLssOtQsXw]]></ToUserName><FromUserName><![CDATA[gh_098dac01e29b]]></FromUserName><MsgType><![CDATA[text]]></MsgType><Content><![CDATA[http://i.shopflow.cn/show/1K6X1]]></Content><CreateTime><![CDATA[1441143096]]></CreateTime><FuncFlag><![CDATA[0]]></FuncFlag></xml>
<xml><ToUserName><![CDATA[gh_098dac01e29b]]></ToUserName>
<FromUserName><![CDATA[oeHfxwAIkN6fPscPnZRLssOtQsXw]]></FromUserName>
<CreateTime>1441274557</CreateTime>
<MsgType><![CDATA[text]]></MsgType>
<Content><![CDATA[https://detail.tmall.com/item.htm?spm=a220m.1000858.1000725.29.oG5YU1&id=41358856394&skuId=103051860292&areaId=310100&cat_id=51146011&rn=d19acaab4a306f5a1b5f30d991f1ef50&user_id=826686633&is_b=1]]></Content>
<MsgId>6190227087083059731</MsgId>
</xml>
<xml><ToUserName><![CDATA[oeHfxwAIkN6fPscPnZRLssOtQsXw]]></ToUserName><FromUserName><![CDATA[gh_098dac01e29b]]></FromUserName><MsgType><![CDATA[text]]></MsgType><Content><![CDATA[http://i.shopflow.cn/show/1K6X1]]></Content><CreateTime><![CDATA[1441143191]]></CreateTime><FuncFlag><![CDATA[0]]></FuncFlag></xml>
<xml><ToUserName><![CDATA[gh_098dac01e29b]]></ToUserName>
<FromUserName><![CDATA[oeHfxwAIkN6fPscPnZRLssOtQsXw]]></FromUserName>
<CreateTime>1441274562</CreateTime>
<MsgType><![CDATA[text]]></MsgType>
<Content><![CDATA[https://detail.tmall.com/item.htm?spm=a220m.1000858.1000725.29.oG5YU1&id=41358856394&skuId=103051860292&areaId=310100&cat_id=51146011&rn=d19acaab4a306f5a1b5f30d991f1ef50&user_id=826686633&is_b=1]]></Content>
<MsgId>6190227108557896216</MsgId>
</xml>
<xml><ToUserName><![CDATA[oeHfxwAIkN6fPscPnZRLssOtQsXw]]></ToUserName><FromUserName><![CDATA[gh_098dac01e29b]]></FromUserName><MsgType><![CDATA[text]]></MsgType><Content><![CDATA[http://i.shopflow.cn/show/1K6X1]]></Content><CreateTime><![CDATA[1441143196]]></CreateTime><FuncFlag><![CDATA[0]]></FuncFlag></xml>
<xml><ToUserName><![CDATA[gh_098dac01e29b]]></ToUserName>
<FromUserName><![CDATA[oeHfxwAIkN6fPscPnZRLssOtQsXw]]></FromUserName>
<CreateTime>1441274565</CreateTime>
<MsgType><![CDATA[text]]></MsgType>
<Content><![CDATA[https://detail.tmall.com/item.htm?spm=a220m.1000858.1000725.29.oG5YU1&id=41358856394&skuId=103051860292&areaId=310100&cat_id=51146011&rn=d19acaab4a306f5a1b5f30d991f1ef50&user_id=826686633&is_b=1]]></Content>
<MsgId>6190227121442798108</MsgId>
</xml>
<xml><ToUserName><![CDATA[oeHfxwAIkN6fPscPnZRLssOtQsXw]]></ToUserName><FromUserName><![CDATA[gh_098dac01e29b]]></FromUserName><MsgType><![CDATA[text]]></MsgType><Content><![CDATA[http://i.shopflow.cn/show/1K6X1]]></Content><CreateTime><![CDATA[1441143199]]></CreateTime><FuncFlag><![CDATA[0]]></FuncFlag></xml>
<xml><ToUserName><![CDATA[gh_098dac01e29b]]></ToUserName>
<FromUserName><![CDATA[oeHfxwAIkN6fPscPnZRLssOtQsXw]]></FromUserName>
<CreateTime>1441274738</CreateTime>
<MsgType><![CDATA[text]]></MsgType>
<Content><![CDATA[https://detail.tmall.com/item.htm?spm=a220m.1000858.1000725.29.oG5YU1&id=41358856394&skuId=103051860292&areaId=310100&cat_id=51146011&rn=d19acaab4a306f5a1b5f30d991f1ef50&user_id=826686633&is_b=1]]></Content>
<MsgId>6190227864472140356</MsgId>
</xml>
<xml><ToUserName><![CDATA[oeHfxwAIkN6fPscPnZRLssOtQsXw]]></ToUserName><FromUserName><![CDATA[gh_098dac01e29b]]></FromUserName><MsgType><![CDATA[text]]></MsgType><Content><![CDATA[http://i.shopflow.cn/show/1K6X1]]></Content><CreateTime><![CDATA[1441143372]]></CreateTime><FuncFlag><![CDATA[0]]></FuncFlag></xml>
<xml><ToUserName><![CDATA[gh_098dac01e29b]]></ToUserName>
<FromUserName><![CDATA[oeHfxwAIkN6fPscPnZRLssOtQsXw]]></FromUserName>
<CreateTime>1441274827</CreateTime>
<MsgType><![CDATA[text]]></MsgType>
<Content><![CDATA[https://detail.tmall.com/item.htm?spm=a220m.1000858.1000725.29.oG5YU1&id=41358856394&skuId=103051860292&areaId=310100&cat_id=51146011&rn=d19acaab4a306f5a1b5f30d991f1ef50&user_id=826686633&is_b=1]]></Content>
<MsgId>6190228246724229719</MsgId>
</xml>
<xml><ToUserName><![CDATA[oeHfxwAIkN6fPscPnZRLssOtQsXw]]></ToUserName><FromUserName><![CDATA[gh_098dac01e29b]]></FromUserName><MsgType><![CDATA[text]]></MsgType><Content><![CDATA[http://i.shopflow.cn/show/1K6X1]]></Content><CreateTime><![CDATA[1441143461]]></CreateTime><FuncFlag><![CDATA[0]]></FuncFlag></xml>
<xml><ToUserName><![CDATA[gh_098dac01e29b]]></ToUserName>
<FromUserName><![CDATA[oeHfxwAIkN6fPscPnZRLssOtQsXw]]></FromUserName>
<CreateTime>1441274851</CreateTime>
<MsgType><![CDATA[text]]></MsgType>
<Content><![CDATA[https://detail.tmall.com/item.htm?spm=a220m.1000858.1000725.29.oG5YU1&id=41358856394&skuId=103051860292&areaId=310100&cat_id=51146011&rn=d19acaab4a306f5a1b5f30d991f1ef50&user_id=826686633&is_b=1]]></Content>
<MsgId>6190228349803444833</MsgId>
</xml>
<xml><ToUserName><![CDATA[oeHfxwAIkN6fPscPnZRLssOtQsXw]]></ToUserName><FromUserName><![CDATA[gh_098dac01e29b]]></FromUserName><MsgType><![CDATA[text]]></MsgType><Content><![CDATA[http://i.shopflow.cn/show/1K6X1]]></Content><CreateTime><![CDATA[1441143485]]></CreateTime><FuncFlag><![CDATA[0]]></FuncFlag></xml>
<xml><ToUserName><![CDATA[gh_098dac01e29b]]></ToUserName>
<FromUserName><![CDATA[oeHfxwAIkN6fPscPnZRLssOtQsXw]]></FromUserName>
<CreateTime>1441274947</CreateTime>
<MsgType><![CDATA[text]]></MsgType>
<Content><![CDATA[https://detail.tmall.com/item.htm?spm=a220m.1000858.1000725.29.oG5YU1&id=41358856394&skuId=103051860292&areaId=310100&cat_id=51146011&rn=d19acaab4a306f5a1b5f30d991f1ef50&user_id=826686633&is_b=1]]></Content>
<MsgId>6190228762120305277</MsgId>
</xml>
<xml><ToUserName><![CDATA[oeHfxwAIkN6fPscPnZRLssOtQsXw]]></ToUserName><FromUserName><![CDATA[gh_098dac01e29b]]></FromUserName><MsgType><![CDATA[text]]></MsgType><Content><![CDATA[http://i.shopflow.cn/show/1K6X1]]></Content><CreateTime><![CDATA[1441143581]]></CreateTime><FuncFlag><![CDATA[0]]></FuncFlag></xml>
<xml><ToUserName><![CDATA[gh_098dac01e29b]]></ToUserName>
<FromUserName><![CDATA[oeHfxwAIkN6fPscPnZRLssOtQsXw]]></FromUserName>
<CreateTime>1441275139</CreateTime>
<MsgType><![CDATA[text]]></MsgType>
<Content><![CDATA[https://detail.tmall.com/item.htm?spm=a220m.1000858.1000725.29.oG5YU1&id=41358856394&skuId=103051860292&areaId=310100&cat_id=51146011&rn=d19acaab4a306f5a1b5f30d991f1ef50&user_id=826686633&is_b=1]]></Content>
<MsgId>6190229586754026147</MsgId>
</xml>
<xml><ToUserName><![CDATA[oeHfxwAIkN6fPscPnZRLssOtQsXw]]></ToUserName><FromUserName><![CDATA[gh_098dac01e29b]]></FromUserName><MsgType><![CDATA[text]]></MsgType><Content><![CDATA[您还不是会员，昨天已经创建了1次链接，请等明天再创建]]></Content><CreateTime><![CDATA[1441143773]]></CreateTime><FuncFlag><![CDATA[0]]></FuncFlag></xml>
<xml><ToUserName><![CDATA[gh_098dac01e29b]]></ToUserName>
<FromUserName><![CDATA[oeHfxwAIkN6fPscPnZRLssOtQsXw]]></FromUserName>
<CreateTime>1441275423</CreateTime>
<MsgType><![CDATA[text]]></MsgType>
<Content><![CDATA[https://detail.tmall.com/item.htm?spm=a220m.1000858.1000725.29.oG5YU1&id=41358856394&skuId=103051860292&areaId=310100&cat_id=51146011&rn=d19acaab4a306f5a1b5f30d991f1ef50&user_id=826686633&is_b=1]]></Content>
<MsgId>6190230806524738251</MsgId>
</xml>
<xml><ToUserName><![CDATA[oeHfxwAIkN6fPscPnZRLssOtQsXw]]></ToUserName><FromUserName><![CDATA[gh_098dac01e29b]]></FromUserName><MsgType><![CDATA[text]]></MsgType><Content><![CDATA[您还不是会员，今天已经创建了1次链接，请等后天再创建]]></Content><CreateTime><![CDATA[1441144057]]></CreateTime><FuncFlag><![CDATA[0]]></FuncFlag></xml>
<xml><ToUserName><![CDATA[gh_098dac01e29b]]></ToUserName>
<FromUserName><![CDATA[oeHfxwAIkN6fPscPnZRLssOtQsXw]]></FromUserName>
<CreateTime>1441275494</CreateTime>
<MsgType><![CDATA[text]]></MsgType>
<Content><![CDATA[https://detail.tmall.com/item.htm?spm=a220m.1000858.1000725.29.oG5YU1&id=41358856394&skuId=103051860292&areaId=310100&cat_id=51146011&rn=d19acaab4a306f5a1b5f30d991f1ef50&user_id=826686633&is_b=1]]></Content>
<MsgId>6190231111467416280</MsgId>
</xml>
<xml><ToUserName><![CDATA[oeHfxwAIkN6fPscPnZRLssOtQsXw]]></ToUserName><FromUserName><![CDATA[gh_098dac01e29b]]></FromUserName><MsgType><![CDATA[text]]></MsgType><Content><![CDATA[您还不是会员，今天已经创建了1次链接，请等后天再创建]]></Content><CreateTime><![CDATA[1441144128]]></CreateTime><FuncFlag><![CDATA[0]]></FuncFlag></xml>
<xml><ToUserName><![CDATA[gh_098dac01e29b]]></ToUserName>
<FromUserName><![CDATA[oeHfxwAIkN6fPscPnZRLssOtQsXw]]></FromUserName>
<CreateTime>1441275568</CreateTime>
<MsgType><![CDATA[text]]></MsgType>
<Content><![CDATA[https://detail.tmall.com/item.htm?spm=a220m.1000858.1000725.29.oG5YU1&id=41358856394&skuId=103051860292&areaId=310100&cat_id=51146011&rn=d19acaab4a306f5a1b5f30d991f1ef50&user_id=826686633&is_b=1]]></Content>
<MsgId>6190231429294996191</MsgId>
</xml>
<xml><ToUserName><![CDATA[oeHfxwAIkN6fPscPnZRLssOtQsXw]]></ToUserName><FromUserName><![CDATA[gh_098dac01e29b]]></FromUserName><MsgType><![CDATA[text]]></MsgType><Content><![CDATA[您还不是会员，今天已经创建了1次链接，请等后天再创建]]></Content><CreateTime><![CDATA[1441144202]]></CreateTime><FuncFlag><![CDATA[0]]></FuncFlag></xml>
<xml><ToUserName><![CDATA[gh_098dac01e29b]]></ToUserName>
<FromUserName><![CDATA[oeHfxwAIkN6fPscPnZRLssOtQsXw]]></FromUserName>
<CreateTime>1441275711</CreateTime>
<MsgType><![CDATA[text]]></MsgType>
<Content><![CDATA[https://detail.tmall.com/item.htm?spm=a220m.1000858.1000725.29.oG5YU1&id=41358856394&skuId=103051860292&areaId=310100&cat_id=51146011&rn=d19acaab4a306f5a1b5f30d991f1ef50&user_id=826686633&is_b=1]]></Content>
<MsgId>6190232043475319535</MsgId>
</xml>
<xml><ToUserName><![CDATA[oeHfxwAIkN6fPscPnZRLssOtQsXw]]></ToUserName><FromUserName><![CDATA[gh_098dac01e29b]]></FromUserName><MsgType><![CDATA[text]]></MsgType><Content><![CDATA[http://i.shopflow.cn/show/1K6X1]]></Content><CreateTime><![CDATA[1441144345]]></CreateTime><FuncFlag><![CDATA[0]]></FuncFlag></xml>
<xml><ToUserName><![CDATA[gh_098dac01e29b]]></ToUserName>
<FromUserName><![CDATA[oeHfxwAIkN6fPscPnZRLssOtQsXw]]></FromUserName>
<CreateTime>1441275735</CreateTime>
<MsgType><![CDATA[text]]></MsgType>
<Content><![CDATA[https://detail.tmall.com/item.htm?spm=a220m.1000858.1000725.29.oG5YU1&id=41358856394&skuId=103051860292&areaId=310100&cat_id=51146011&rn=d19acaab4a306f5a1b5f30d991f1ef50&user_id=826686633&is_b=1]]></Content>
<MsgId>6190232146554534644</MsgId>
</xml>
<xml><ToUserName><![CDATA[oeHfxwAIkN6fPscPnZRLssOtQsXw]]></ToUserName><FromUserName><![CDATA[gh_098dac01e29b]]></FromUserName><MsgType><![CDATA[text]]></MsgType><Content><![CDATA[http://i.shopflow.cn/show/1K6X1]]></Content><CreateTime><![CDATA[1441144369]]></CreateTime><FuncFlag><![CDATA[0]]></FuncFlag></xml>
<xml><ToUserName><![CDATA[gh_098dac01e29b]]></ToUserName>
<FromUserName><![CDATA[oeHfxwAIkN6fPscPnZRLssOtQsXw]]></FromUserName>
<CreateTime>1441275811</CreateTime>
<MsgType><![CDATA[text]]></MsgType>
<Content><![CDATA[https://detail.tmall.com/item.htm?spm=a220m.1000858.1000725.29.oG5YU1&id=41358856394&skuId=103051860292&areaId=310100&cat_id=51146011&rn=d19acaab4a306f5a1b5f30d991f1ef50&user_id=826686633&is_b=1]]></Content>
<MsgId>6190232472972049160</MsgId>
</xml>
<xml><ToUserName><![CDATA[oeHfxwAIkN6fPscPnZRLssOtQsXw]]></ToUserName><FromUserName><![CDATA[gh_098dac01e29b]]></FromUserName><MsgType><![CDATA[text]]></MsgType><Content><![CDATA[http://i.shopflow.cn/show/1K6X1]]></Content><CreateTime><![CDATA[1441144445]]></CreateTime><FuncFlag><![CDATA[0]]></FuncFlag></xml>
<xml><ToUserName><![CDATA[gh_098dac01e29b]]></ToUserName>
<FromUserName><![CDATA[oeHfxwAIkN6fPscPnZRLssOtQsXw]]></FromUserName>
<CreateTime>1441275912</CreateTime>
<MsgType><![CDATA[text]]></MsgType>
<Content><![CDATA[https://detail.tmall.com/item.htm?spm=a220m.1000858.1000725.29.oG5YU1&id=41358856394&skuId=103051860292&areaId=310100&cat_id=51146011&rn=d19acaab4a306f5a1b5f30d991f1ef50&user_id=826686633&is_b=1]]></Content>
<MsgId>6190232906763746071</MsgId>
</xml>
<xml><ToUserName><![CDATA[oeHfxwAIkN6fPscPnZRLssOtQsXw]]></ToUserName><FromUserName><![CDATA[gh_098dac01e29b]]></FromUserName><MsgType><![CDATA[text]]></MsgType><Content><![CDATA[http://i.shopflow.cn/show/1K6X1]]></Content><CreateTime><![CDATA[1441144546]]></CreateTime><FuncFlag><![CDATA[0]]></FuncFlag></xml>
<xml><ToUserName><![CDATA[gh_098dac01e29b]]></ToUserName>
<FromUserName><![CDATA[oeHfxwAIkN6fPscPnZRLssOtQsXw]]></FromUserName>
<CreateTime>1441276069</CreateTime>
<MsgType><![CDATA[text]]></MsgType>
<Content><![CDATA[https://detail.tmall.com/item.htm?spm=a220m.1000858.1000725.29.oG5YU1&id=41358856394&skuId=103051860292&areaId=310100&cat_id=51146011&rn=d19acaab4a306f5a1b5f30d991f1ef50&user_id=826686633&is_b=1]]></Content>
<MsgId>6190233581073611564</MsgId>
</xml>
<xml><ToUserName><![CDATA[oeHfxwAIkN6fPscPnZRLssOtQsXw]]></ToUserName><FromUserName><![CDATA[gh_098dac01e29b]]></FromUserName><MsgType><![CDATA[text]]></MsgType><Content><![CDATA[http://i.shopflow.cn/show/1K6X1]]></Content><CreateTime><![CDATA[1441144703]]></CreateTime><FuncFlag><![CDATA[0]]></FuncFlag></xml>
<xml><ToUserName><![CDATA[gh_098dac01e29b]]></ToUserName>
<FromUserName><![CDATA[oeHfxwAIkN6fPscPnZRLssOtQsXw]]></FromUserName>
<CreateTime>1441276108</CreateTime>
<MsgType><![CDATA[text]]></MsgType>
<Content><![CDATA[https://detail.tmall.com/item.htm?spm=a220m.1000858.1000725.29.oG5YU1&id=41358856394&skuId=103051860292&areaId=310100&cat_id=51146011&rn=d19acaab4a306f5a1b5f30d991f1ef50&user_id=826686633&is_b=1]]></Content>
<MsgId>6190233748577336116</MsgId>
</xml>
<xml><ToUserName><![CDATA[oeHfxwAIkN6fPscPnZRLssOtQsXw]]></ToUserName><FromUserName><![CDATA[gh_098dac01e29b]]></FromUserName><MsgType><![CDATA[text]]></MsgType><Content><![CDATA[http://i.shopflow.cn/show/1K6X1]]></Content><CreateTime><![CDATA[1441144742]]></CreateTime><FuncFlag><![CDATA[0]]></FuncFlag></xml>
<xml><ToUserName><![CDATA[gh_098dac01e29b]]></ToUserName>
<FromUserName><![CDATA[oeHfxwAIkN6fPscPnZRLssOtQsXw]]></FromUserName>
<CreateTime>1441276720</CreateTime>
<MsgType><![CDATA[text]]></MsgType>
<Content><![CDATA[https://detail.tmall.com/item.htm?spm=a220m.1000858.1000725.29.oG5YU1&id=41358856394&skuId=103051860292&areaId=310100&cat_id=51146011&rn=d19acaab4a306f5a1b5f30d991f1ef50&user_id=826686633&is_b=1]]></Content>
<MsgId>6190236377097321343</MsgId>
</xml>
<xml><ToUserName><![CDATA[oeHfxwAIkN6fPscPnZRLssOtQsXw]]></ToUserName><FromUserName><![CDATA[gh_098dac01e29b]]></FromUserName><MsgType><![CDATA[text]]></MsgType><Content><![CDATA[http://i.shopflow.cn/show/1K6X1]]></Content><CreateTime><![CDATA[1441145354]]></CreateTime><FuncFlag><![CDATA[0]]></FuncFlag></xml>
<xml><ToUserName><![CDATA[gh_098dac01e29b]]></ToUserName>
<FromUserName><![CDATA[oeHfxwAIkN6fPscPnZRLssOtQsXw]]></FromUserName>
<CreateTime>1441277263</CreateTime>
<MsgType><![CDATA[text]]></MsgType>
<Content><![CDATA[https://detail.tmall.com/item.htm?spm=a220m.1000858.1000725.29.oG5YU1&id=41358856394&skuId=103051860292&areaId=310100&cat_id=51146011&rn=d19acaab4a306f5a1b5f30d991f1ef50&user_id=826686633&is_b=1]]></Content>
<MsgId>6190238709264563155</MsgId>
</xml>
<xml><ToUserName><![CDATA[oeHfxwAIkN6fPscPnZRLssOtQsXw]]></ToUserName><FromUserName><![CDATA[gh_098dac01e29b]]></FromUserName><MsgType><![CDATA[text]]></MsgType><Content><![CDATA[http://i.shopflow.cn/show/1K6X1]]></Content><CreateTime><![CDATA[1441145897]]></CreateTime><FuncFlag><![CDATA[0]]></FuncFlag></xml>
<xml><ToUserName><![CDATA[gh_098dac01e29b]]></ToUserName>
<FromUserName><![CDATA[oeHfxwAIkN6fPscPnZRLssOtQsXw]]></FromUserName>
<CreateTime>1441277361</CreateTime>
<MsgType><![CDATA[text]]></MsgType>
<Content><![CDATA[https://detail.tmall.com/item.htm?spm=a220m.1000858.1000725.29.oG5YU1&id=41358856394&skuId=103051860292&areaId=310100&cat_id=51146011&rn=d19acaab4a306f5a1b5f30d991f1ef50&user_id=826686633&is_b=1]]></Content>
<MsgId>6190239130171358175</MsgId>
</xml>
<xml><ToUserName><![CDATA[oeHfxwAIkN6fPscPnZRLssOtQsXw]]></ToUserName><FromUserName><![CDATA[gh_098dac01e29b]]></FromUserName><MsgType><![CDATA[text]]></MsgType><Content><![CDATA[http://i.shopflow.cn/show/1K6X1]]></Content><CreateTime><![CDATA[1441145995]]></CreateTime><FuncFlag><![CDATA[0]]></FuncFlag></xml>
<xml><ToUserName><![CDATA[gh_098dac01e29b]]></ToUserName>
<FromUserName><![CDATA[oeHfxwAIkN6fPscPnZRLssOtQsXw]]></FromUserName>
<CreateTime>1441277434</CreateTime>
<MsgType><![CDATA[text]]></MsgType>
<Content><![CDATA[https://detail.tmall.com/item.htm?spm=a220m.1000858.1000725.29.oG5YU1&id=41358856394&skuId=103051860292&areaId=310100&cat_id=51146011&rn=d19acaab4a306f5a1b5f30d991f1ef50&user_id=826686633&is_b=1]]></Content>
<MsgId>6190239443703970800</MsgId>
</xml>
<xml><ToUserName><![CDATA[oeHfxwAIkN6fPscPnZRLssOtQsXw]]></ToUserName><FromUserName><![CDATA[gh_098dac01e29b]]></FromUserName><MsgType><![CDATA[text]]></MsgType><Content><![CDATA[http://i.shopflow.cn/show/1K6X1]]></Content><CreateTime><![CDATA[1441146068]]></CreateTime><FuncFlag><![CDATA[0]]></FuncFlag></xml>
<xml><ToUserName><![CDATA[gh_098dac01e29b]]></ToUserName>
<FromUserName><![CDATA[oeHfxwAIkN6fPscPnZRLssOtQsXw]]></FromUserName>
<CreateTime>1441277482</CreateTime>
<MsgType><![CDATA[text]]></MsgType>
<Content><![CDATA[https://detail.tmall.com/item.htm?spm=a220m.1000858.1000725.29.oG5YU1&id=41358856394&skuId=103051860292&areaId=310100&cat_id=51146011&rn=d19acaab4a306f5a1b5f30d991f1ef50&user_id=826686633&is_b=1]]></Content>
<MsgId>6190239649862401017</MsgId>
</xml>
<xml><ToUserName><![CDATA[oeHfxwAIkN6fPscPnZRLssOtQsXw]]></ToUserName><FromUserName><![CDATA[gh_098dac01e29b]]></FromUserName><MsgType><![CDATA[text]]></MsgType><Content><![CDATA[http://i.shopflow.cn/show/1K6X1]]></Content><CreateTime><![CDATA[1441146116]]></CreateTime><FuncFlag><![CDATA[0]]></FuncFlag></xml>
<xml><ToUserName><![CDATA[gh_098dac01e29b]]></ToUserName>
<FromUserName><![CDATA[oeHfxwAIkN6fPscPnZRLssOtQsXw]]></FromUserName>
<CreateTime>1441277576</CreateTime>
<MsgType><![CDATA[text]]></MsgType>
<Content><![CDATA[https://detail.tmall.com/item.htm?spm=a220m.1000858.1000725.29.oG5YU1&id=41358856394&skuId=103051860292&areaId=310100&cat_id=51146011&rn=d19acaab4a306f5a1b5f30d991f1ef50&user_id=826686633&is_b=1]]></Content>
<MsgId>6190240053589326856</MsgId>
</xml>
<xml><ToUserName><![CDATA[gh_098dac01e29b]]></ToUserName>
<FromUserName><![CDATA[oeHfxwAIkN6fPscPnZRLssOtQsXw]]></FromUserName>
<CreateTime>1441277606</CreateTime>
<MsgType><![CDATA[text]]></MsgType>
<Content><![CDATA[https://detail.tmall.com/item.htm?spm=a220m.1000858.1000725.29.oG5YU1&id=41358856394&skuId=103051860292&areaId=310100&cat_id=51146011&rn=d19acaab4a306f5a1b5f30d991f1ef50&user_id=826686633&is_b=1]]></Content>
<MsgId>6190240182438345740</MsgId>
</xml>
<xml><ToUserName><![CDATA[oeHfxwAIkN6fPscPnZRLssOtQsXw]]></ToUserName><FromUserName><![CDATA[gh_098dac01e29b]]></FromUserName><MsgType><![CDATA[text]]></MsgType><Content><![CDATA[http://i.shopflow.cn/show/1K6X1]]></Content><CreateTime><![CDATA[1441146240]]></CreateTime><FuncFlag><![CDATA[0]]></FuncFlag></xml>
<xml><ToUserName><![CDATA[gh_098dac01e29b]]></ToUserName>
<FromUserName><![CDATA[oeHfxwAIkN6fPscPnZRLssOtQsXw]]></FromUserName>
<CreateTime>1441277649</CreateTime>
<MsgType><![CDATA[text]]></MsgType>
<Content><![CDATA[https://detail.tmall.com/item.htm?spm=a220m.1000858.1000725.29.oG5YU1&id=41358856394&skuId=103051860292&areaId=310100&cat_id=51146011&rn=d19acaab4a306f5a1b5f30d991f1ef50&user_id=826686633&is_b=1]]></Content>
<MsgId>6190240367121939473</MsgId>
</xml>
<xml><ToUserName><![CDATA[oeHfxwAIkN6fPscPnZRLssOtQsXw]]></ToUserName><FromUserName><![CDATA[gh_098dac01e29b]]></FromUserName><MsgType><![CDATA[text]]></MsgType><Content><![CDATA[您还不是会员，只能创建1次链接]]></Content><CreateTime><![CDATA[1441146283]]></CreateTime><FuncFlag><![CDATA[0]]></FuncFlag></xml>
<xml><ToUserName><![CDATA[gh_098dac01e29b]]></ToUserName>
<FromUserName><![CDATA[oeHfxwAIkN6fPscPnZRLssOtQsXw]]></FromUserName>
<CreateTime>1441277694</CreateTime>
<MsgType><![CDATA[text]]></MsgType>
<Content><![CDATA[https://detail.tmall.com/item.htm?spm=a220m.1000858.1000725.29.oG5YU1&id=41358856394&skuId=103051860292&areaId=310100&cat_id=51146011&rn=d19acaab4a306f5a1b5f30d991f1ef50&user_id=826686633&is_b=1]]></Content>
<MsgId>6190240560395467800</MsgId>
</xml>
<xml><ToUserName><![CDATA[oeHfxwAIkN6fPscPnZRLssOtQsXw]]></ToUserName><FromUserName><![CDATA[gh_098dac01e29b]]></FromUserName><MsgType><![CDATA[text]]></MsgType><Content><![CDATA[您还不是会员，今天已经创建了1次链接，请等后天再创建]]></Content><CreateTime><![CDATA[1441146328]]></CreateTime><FuncFlag><![CDATA[0]]></FuncFlag></xml>
<xml><ToUserName><![CDATA[gh_098dac01e29b]]></ToUserName>
<FromUserName><![CDATA[oeHfxwAIkN6fPscPnZRLssOtQsXw]]></FromUserName>
<CreateTime>1441277766</CreateTime>
<MsgType><![CDATA[text]]></MsgType>
<Content><![CDATA[https://detail.tmall.com/item.htm?spm=a220m.1000858.1000725.29.oG5YU1&id=41358856394&skuId=103051860292&areaId=310100&cat_id=51146011&rn=d19acaab4a306f5a1b5f30d991f1ef50&user_id=826686633&is_b=1]]></Content>
<MsgId>6190240869633113124</MsgId>
</xml>
<xml><ToUserName><![CDATA[oeHfxwAIkN6fPscPnZRLssOtQsXw]]></ToUserName><FromUserName><![CDATA[gh_098dac01e29b]]></FromUserName><MsgType><![CDATA[text]]></MsgType><Content><![CDATA[您还不是会员，只能创建1次链接]]></Content><CreateTime><![CDATA[1441146401]]></CreateTime><FuncFlag><![CDATA[0]]></FuncFlag></xml>
<xml><ToUserName><![CDATA[gh_098dac01e29b]]></ToUserName>
<FromUserName><![CDATA[oeHfxwAIkN6fPscPnZRLssOtQsXw]]></FromUserName>
<CreateTime>1441277939</CreateTime>
<MsgType><![CDATA[text]]></MsgType>
<Content><![CDATA[https://detail.tmall.com/item.htm?spm=a220m.1000858.1000725.29.oG5YU1&id=41358856394&skuId=103051860292&areaId=310100&cat_id=51146011&rn=d19acaab4a306f5a1b5f30d991f1ef50&user_id=826686633&is_b=1]]></Content>
<MsgId>6190241612662455375</MsgId>
</xml>
<xml><ToUserName><![CDATA[oeHfxwAIkN6fPscPnZRLssOtQsXw]]></ToUserName><FromUserName><![CDATA[gh_098dac01e29b]]></FromUserName><MsgType><![CDATA[text]]></MsgType><Content><![CDATA[您还不是会员，只能创建1次链接]]></Content><CreateTime><![CDATA[1441146573]]></CreateTime><FuncFlag><![CDATA[0]]></FuncFlag></xml>
<xml><ToUserName><![CDATA[gh_098dac01e29b]]></ToUserName>
<FromUserName><![CDATA[oeHfxwAIkN6fPscPnZRLssOtQsXw]]></FromUserName>
<CreateTime>1441278003</CreateTime>
<MsgType><![CDATA[text]]></MsgType>
<Content><![CDATA[https://detail.tmall.com/item.htm?spm=a220m.1000858.1000725.29.oG5YU1&id=41358856394&skuId=103051860292&areaId=310100&cat_id=51146011&rn=d19acaab4a306f5a1b5f30d991f1ef50&user_id=826686633&is_b=1]]></Content>
<MsgId>6190241887540362340</MsgId>
</xml>
<xml><ToUserName><![CDATA[oeHfxwAIkN6fPscPnZRLssOtQsXw]]></ToUserName><FromUserName><![CDATA[gh_098dac01e29b]]></FromUserName><MsgType><![CDATA[text]]></MsgType><Content><![CDATA[您还不是会员，只能创建1次链接]]></Content><CreateTime><![CDATA[1441146637]]></CreateTime><FuncFlag><![CDATA[0]]></FuncFlag></xml>
<xml><ToUserName><![CDATA[gh_098dac01e29b]]></ToUserName>
<FromUserName><![CDATA[oeHfxwAIkN6fPscPnZRLssOtQsXw]]></FromUserName>
<CreateTime>1441278179</CreateTime>
<MsgType><![CDATA[text]]></MsgType>
<Content><![CDATA[https://detail.tmall.com/item.htm?spm=a220m.1000858.1000725.29.oG5YU1&id=41358856394&skuId=103051860292&areaId=310100&cat_id=51146011&rn=d19acaab4a306f5a1b5f30d991f1ef50&user_id=826686633&is_b=1]]></Content>
<MsgId>6190242643454606462</MsgId>
</xml>
<xml><ToUserName><![CDATA[oeHfxwAIkN6fPscPnZRLssOtQsXw]]></ToUserName><FromUserName><![CDATA[gh_098dac01e29b]]></FromUserName><MsgType><![CDATA[text]]></MsgType><Content><![CDATA[您还不是会员，只能创建1次链接]]></Content><CreateTime><![CDATA[1441146813]]></CreateTime><FuncFlag><![CDATA[0]]></FuncFlag></xml>
<xml><ToUserName><![CDATA[gh_098dac01e29b]]></ToUserName>
<FromUserName><![CDATA[oeHfxwAIkN6fPscPnZRLssOtQsXw]]></FromUserName>
<CreateTime>1441278219</CreateTime>
<MsgType><![CDATA[text]]></MsgType>
<Content><![CDATA[https://detail.tmall.com/item.htm?spm=a220m.1000858.1000725.29.oG5YU1&id=41358856394&skuId=103051860292&areaId=310100&cat_id=51146011&rn=d19acaab4a306f5a1b5f30d991f1ef50&user_id=826686633&is_b=1]]></Content>
<MsgId>6190242815253298309</MsgId>
</xml>
<xml><ToUserName><![CDATA[oeHfxwAIkN6fPscPnZRLssOtQsXw]]></ToUserName><FromUserName><![CDATA[gh_098dac01e29b]]></FromUserName><MsgType><![CDATA[text]]></MsgType><Content><![CDATA[您还不是会员，只能创建1次链接]]></Content><CreateTime><![CDATA[1441146853]]></CreateTime><FuncFlag><![CDATA[0]]></FuncFlag></xml>
<xml><ToUserName><![CDATA[gh_098dac01e29b]]></ToUserName>
<FromUserName><![CDATA[oeHfxwAIkN6fPscPnZRLssOtQsXw]]></FromUserName>
<CreateTime>1441278288</CreateTime>
<MsgType><![CDATA[text]]></MsgType>
<Content><![CDATA[https://detail.tmall.com/item.htm?spm=a220m.1000858.1000725.29.oG5YU1&id=41358856394&skuId=103051860292&areaId=310100&cat_id=51146011&rn=d19acaab4a306f5a1b5f30d991f1ef50&user_id=826686633&is_b=1]]></Content>
<MsgId>6190243111606041739</MsgId>
</xml>
<xml><ToUserName><![CDATA[oeHfxwAIkN6fPscPnZRLssOtQsXw]]></ToUserName><FromUserName><![CDATA[gh_098dac01e29b]]></FromUserName><MsgType><![CDATA[text]]></MsgType><Content><![CDATA[您还不是会员，只能创建1次链接]]></Content><CreateTime><![CDATA[1441146922]]></CreateTime><FuncFlag><![CDATA[0]]></FuncFlag></xml>
<xml><ToUserName><![CDATA[gh_098dac01e29b]]></ToUserName>
<FromUserName><![CDATA[oeHfxwAIkN6fPscPnZRLssOtQsXw]]></FromUserName>
<CreateTime>1441278686</CreateTime>
<MsgType><![CDATA[text]]></MsgType>
<Content><![CDATA[https://detail.tmall.com/item.htm?spm=a220m.1000858.1000725.29.oG5YU1&id=41358856394&skuId=103051860292&areaId=310100&cat_id=51146011&rn=d19acaab4a306f5a1b5f30d991f1ef50&user_id=826686633&is_b=1]]></Content>
<MsgId>6190244821003025577</MsgId>
</xml>
<xml><ToUserName><![CDATA[oeHfxwAIkN6fPscPnZRLssOtQsXw]]></ToUserName><FromUserName><![CDATA[gh_098dac01e29b]]></FromUserName><MsgType><![CDATA[text]]></MsgType><Content><![CDATA[您还不是会员，只能创建1次链接]]></Content><CreateTime><![CDATA[1441147319]]></CreateTime><FuncFlag><![CDATA[0]]></FuncFlag></xml>
<xml><ToUserName><![CDATA[gh_098dac01e29b]]></ToUserName>
<FromUserName><![CDATA[oeHfxwAIkN6fPscPnZRLssOtQsXw]]></FromUserName>
<CreateTime>1441278759</CreateTime>
<MsgType><![CDATA[text]]></MsgType>
<Content><![CDATA[https://detail.tmall.com/item.htm?spm=a220m.1000858.1000725.29.oG5YU1&id=41358856394&skuId=103051860292&areaId=310100&cat_id=51146011&rn=d19acaab4a306f5a1b5f30d991f1ef50&user_id=826686633&is_b=1]]></Content>
<MsgId>6190245134535638200</MsgId>
</xml>
<xml><ToUserName><![CDATA[oeHfxwAIkN6fPscPnZRLssOtQsXw]]></ToUserName><FromUserName><![CDATA[gh_098dac01e29b]]></FromUserName><MsgType><![CDATA[text]]></MsgType><Content><![CDATA[您还不是会员，今天已经创建了1次链接，请等后天再创建]]></Content><CreateTime><![CDATA[1441147392]]></CreateTime><FuncFlag><![CDATA[0]]></FuncFlag></xml>
<xml><ToUserName><![CDATA[gh_098dac01e29b]]></ToUserName>
<FromUserName><![CDATA[oeHfxwAIkN6fPscPnZRLssOtQsXw]]></FromUserName>
<CreateTime>1441278818</CreateTime>
<MsgType><![CDATA[text]]></MsgType>
<Content><![CDATA[https://detail.tmall.com/item.htm?spm=a220m.1000858.1000725.29.oG5YU1&id=41358856394&skuId=103051860292&areaId=310100&cat_id=51146011&rn=d19acaab4a306f5a1b5f30d991f1ef50&user_id=826686633&is_b=1]]></Content>
<MsgId>6190245387938708685</MsgId>
</xml>
<xml><ToUserName><![CDATA[oeHfxwAIkN6fPscPnZRLssOtQsXw]]></ToUserName><FromUserName><![CDATA[gh_098dac01e29b]]></FromUserName><MsgType><![CDATA[text]]></MsgType><Content><![CDATA[http://i.shopflow.cn/show/1K6X1]]></Content><CreateTime><![CDATA[1441147452]]></CreateTime><FuncFlag><![CDATA[0]]></FuncFlag></xml>
<xml><ToUserName><![CDATA[gh_098dac01e29b]]></ToUserName>
<FromUserName><![CDATA[oeHfxwAIkN6fPscPnZRLssOtQsXw]]></FromUserName>
<CreateTime>1441278857</CreateTime>
<MsgType><![CDATA[text]]></MsgType>
<Content><![CDATA[https://detail.tmall.com/item.htm?spm=a220m.1000858.1000725.29.oG5YU1&id=41358856395&skuId=103051860292&areaId=310100&cat_id=51146011&rn=d19acaab4a306f5a1b5f30d991f1ef50&user_id=826686633&is_b=2]]></Content>
<MsgId>6190245555442433235</MsgId>
</xml>
<xml><ToUserName><![CDATA[oeHfxwAIkN6fPscPnZRLssOtQsXw]]></ToUserName><FromUserName><![CDATA[gh_098dac01e29b]]></FromUserName><MsgType><![CDATA[text]]></MsgType><Content><![CDATA[http://i.shopflow.cn/show/1VFGM]]></Content><CreateTime><![CDATA[1441147491]]></CreateTime><FuncFlag><![CDATA[0]]></FuncFlag></xml>
<xml><ToUserName><![CDATA[gh_098dac01e29b]]></ToUserName>
<FromUserName><![CDATA[oeHfxwAIkN6fPscPnZRLssOtQsXw]]></FromUserName>
<CreateTime>1441278866</CreateTime>
<MsgType><![CDATA[text]]></MsgType>
<Content><![CDATA[https://detail.tmall.com/item.htm?spm=a220m.1000858.1000725.29.oG5YU1&id=41358856396&skuId=103051860292&areaId=310100&cat_id=51146011&rn=d19acaab4a306f5a1b5f30d991f1ef50&user_id=826686633&is_b=1]]></Content>
<MsgId>6190245594097138903</MsgId>
</xml>
<xml><ToUserName><![CDATA[oeHfxwAIkN6fPscPnZRLssOtQsXw]]></ToUserName><FromUserName><![CDATA[gh_098dac01e29b]]></FromUserName><MsgType><![CDATA[text]]></MsgType><Content><![CDATA[http://i.shopflow.cn/show/26O07]]></Content><CreateTime><![CDATA[1441147500]]></CreateTime><FuncFlag><![CDATA[0]]></FuncFlag></xml>
<xml><ToUserName><![CDATA[gh_098dac01e29b]]></ToUserName>
<FromUserName><![CDATA[oeHfxwAIkN6fPscPnZRLssOtQsXw]]></FromUserName>
<CreateTime>1441278876</CreateTime>
<MsgType><![CDATA[text]]></MsgType>
<Content><![CDATA[https://detail.tmall.com/item.htm?spm=a220m.1000858.1000725.29.oG5YU1&id=41358856397&skuId=103051860292&areaId=310100&cat_id=51146011&rn=d19acaab4a306f5a1b5f30d991f1ef50&user_id=826686633&is_b=1]]></Content>
<MsgId>6190245637046811866</MsgId>
</xml>
<xml><ToUserName><![CDATA[oeHfxwAIkN6fPscPnZRLssOtQsXw]]></ToUserName><FromUserName><![CDATA[gh_098dac01e29b]]></FromUserName><MsgType><![CDATA[text]]></MsgType><Content><![CDATA[http://i.shopflow.cn/show/7C]]></Content><CreateTime><![CDATA[1441147510]]></CreateTime><FuncFlag><![CDATA[0]]></FuncFlag></xml>
<xml><ToUserName><![CDATA[gh_098dac01e29b]]></ToUserName>
<FromUserName><![CDATA[oeHfxwAIkN6fPscPnZRLssOtQsXw]]></FromUserName>
<CreateTime>1441278882</CreateTime>
<MsgType><![CDATA[text]]></MsgType>
<Content><![CDATA[https://detail.tmall.com/item.htm?spm=a220m.1000858.1000725.29.oG5YU1&id=41358856398&skuId=103051860292&areaId=310100&cat_id=51146011&rn=d19acaab4a306f5a1b5f30d991f1ef50&user_id=826686633&is_b=1]]></Content>
<MsgId>6190245662816615645</MsgId>
</xml>
<xml><ToUserName><![CDATA[oeHfxwAIkN6fPscPnZRLssOtQsXw]]></ToUserName><FromUserName><![CDATA[gh_098dac01e29b]]></FromUserName><MsgType><![CDATA[text]]></MsgType><Content><![CDATA[http://i.shopflow.cn/show/B8QX]]></Content><CreateTime><![CDATA[1441147516]]></CreateTime><FuncFlag><![CDATA[0]]></FuncFlag></xml>
<xml><ToUserName><![CDATA[gh_098dac01e29b]]></ToUserName>
<FromUserName><![CDATA[oeHfxwAIkN6fPscPnZRLssOtQsXw]]></FromUserName>
<CreateTime>1441278891</CreateTime>
<MsgType><![CDATA[text]]></MsgType>
<Content><![CDATA[https://detail.tmall.com/item.htm?spm=a220m.1000858.1000725.29.oG5YU1&id=41358856399&skuId=103051860292&areaId=310100&cat_id=51146011&rn=d19acaab4a306f5a1b5f30d991f1ef50&user_id=826686633&is_b=1]]></Content>
<MsgId>6190245701471321316</MsgId>
</xml>
<xml><ToUserName><![CDATA[oeHfxwAIkN6fPscPnZRLssOtQsXw]]></ToUserName><FromUserName><![CDATA[gh_098dac01e29b]]></FromUserName><MsgType><![CDATA[text]]></MsgType><Content><![CDATA[您是银牌会员，已经创建5次链接，如果需要再次创建，请升级到金牌会员]]></Content><CreateTime><![CDATA[1441147525]]></CreateTime><FuncFlag><![CDATA[0]]></FuncFlag></xml>
