<xml><ToUserName><![CDATA[gh_098dac01e29b]]></ToUserName>
<FromUserName><![CDATA[oeHfxwAIkN6fPscPnZRLssOtQsXw]]></FromUserName>
<CreateTime>1444027580</CreateTime>
<MsgType><![CDATA[event]]></MsgType>
<Event><![CDATA[VIEW]]></Event>
<EventKey><![CDATA[http://wechat.vtshow.top/home/pay/index]]></EventKey>
</xml>
<xml><ToUserName><![CDATA[gh_098dac01e29b]]></ToUserName>
<FromUserName><![CDATA[oeHfxwAIkN6fPscPnZRLssOtQsXw]]></FromUserName>
<CreateTime>1444027622</CreateTime>
<MsgType><![CDATA[event]]></MsgType>
<Event><![CDATA[VIEW]]></Event>
<EventKey><![CDATA[http://wechat.vtshow.top/home/pay/index]]></EventKey>
</xml>
<xml><ToUserName><![CDATA[gh_098dac01e29b]]></ToUserName>
<FromUserName><![CDATA[oeHfxwAIkN6fPscPnZRLssOtQsXw]]></FromUserName>
<CreateTime>1444027710</CreateTime>
<MsgType><![CDATA[event]]></MsgType>
<Event><![CDATA[VIEW]]></Event>
<EventKey><![CDATA[http://wechat.vtshow.top/home/pay/index]]></EventKey>
</xml>
<xml><ToUserName><![CDATA[gh_098dac01e29b]]></ToUserName>
<FromUserName><![CDATA[oeHfxwAIkN6fPscPnZRLssOtQsXw]]></FromUserName>
<CreateTime>1444027755</CreateTime>
<MsgType><![CDATA[event]]></MsgType>
<Event><![CDATA[VIEW]]></Event>
<EventKey><![CDATA[http://wechat.vtshow.top/home/pay/index]]></EventKey>
</xml>
<xml><ToUserName><![CDATA[gh_098dac01e29b]]></ToUserName>
<FromUserName><![CDATA[oeHfxwAIkN6fPscPnZRLssOtQsXw]]></FromUserName>
<CreateTime>1444027841</CreateTime>
<MsgType><![CDATA[event]]></MsgType>
<Event><![CDATA[VIEW]]></Event>
<EventKey><![CDATA[http://wechat.vtshow.top/home/pay/index]]></EventKey>
</xml>
<xml><ToUserName><![CDATA[gh_098dac01e29b]]></ToUserName>
<FromUserName><![CDATA[oeHfxwAIkN6fPscPnZRLssOtQsXw]]></FromUserName>
<CreateTime>1444027874</CreateTime>
<MsgType><![CDATA[event]]></MsgType>
<Event><![CDATA[VIEW]]></Event>
<EventKey><![CDATA[http://wechat.vtshow.top/home/pay/index]]></EventKey>
</xml>
<xml><ToUserName><![CDATA[gh_098dac01e29b]]></ToUserName>
<FromUserName><![CDATA[oeHfxwAIkN6fPscPnZRLssOtQsXw]]></FromUserName>
<CreateTime>1444027913</CreateTime>
<MsgType><![CDATA[event]]></MsgType>
<Event><![CDATA[VIEW]]></Event>
<EventKey><![CDATA[http://wechat.vtshow.top/home/pay/index]]></EventKey>
</xml>
<xml><ToUserName><![CDATA[gh_098dac01e29b]]></ToUserName>
<FromUserName><![CDATA[oeHfxwAIkN6fPscPnZRLssOtQsXw]]></FromUserName>
<CreateTime>1444028530</CreateTime>
<MsgType><![CDATA[text]]></MsgType>
<Content><![CDATA[https://item.taobao.com/item.htm?spm=a217v.7782581.1998716749.1.FBm12p&id=43449402051]]></Content>
<MsgId>6202055311052646956</MsgId>
</xml>
<xml><ToUserName><![CDATA[oeHfxwAIkN6fPscPnZRLssOtQsXw]]></ToUserName><FromUserName><![CDATA[gh_098dac01e29b]]></FromUserName><MsgType><![CDATA[text]]></MsgType><Content><![CDATA[http://i.shopflow.cn/show/XPU3]]></Content><CreateTime><![CDATA[1444028432]]></CreateTime><FuncFlag><![CDATA[0]]></FuncFlag></xml>
<xml><ToUserName><![CDATA[gh_098dac01e29b]]></ToUserName>
<FromUserName><![CDATA[oeHfxwAIkN6fPscPnZRLssOtQsXw]]></FromUserName>
<CreateTime>1444028574</CreateTime>
<MsgType><![CDATA[text]]></MsgType>
<Content><![CDATA[https://item.taobao.com/item.htm?spm=a217v.7782581.1998716749.1.FBm12p&id=43449402051]]></Content>
<MsgId>6202055500031207999</MsgId>
</xml>
<xml><ToUserName><![CDATA[oeHfxwAIkN6fPscPnZRLssOtQsXw]]></ToUserName><FromUserName><![CDATA[gh_098dac01e29b]]></FromUserName><MsgType><![CDATA[text]]></MsgType><Content><![CDATA[您还不是会员，只能创建1次链接]]></Content><CreateTime><![CDATA[1444028477]]></CreateTime><FuncFlag><![CDATA[0]]></FuncFlag></xml>
<xml><ToUserName><![CDATA[gh_098dac01e29b]]></ToUserName>
<FromUserName><![CDATA[oeHfxwAIkN6fPscPnZRLssOtQsXw]]></FromUserName>
<CreateTime>1444028657</CreateTime>
<MsgType><![CDATA[text]]></MsgType>
<Content><![CDATA[https://item.taobao.com/item.htm?spm=a217v.7782581.1998716749.1.FBm12p&id=43449402051]]></Content>
<MsgId>6202055856513493590</MsgId>
</xml>
<xml><ToUserName><![CDATA[oeHfxwAIkN6fPscPnZRLssOtQsXw]]></ToUserName><FromUserName><![CDATA[gh_098dac01e29b]]></FromUserName><MsgType><![CDATA[text]]></MsgType><Content><![CDATA[您还不是会员，只能创建1次链接,<a href="http://wechat.vtshow.top/home/pay/index">成为会员</a>]]></Content><CreateTime><![CDATA[1444028559]]></CreateTime><FuncFlag><![CDATA[0]]></FuncFlag></xml>
<xml><ToUserName><![CDATA[gh_098dac01e29b]]></ToUserName>
<FromUserName><![CDATA[oeHfxwAIkN6fPscPnZRLssOtQsXw]]></FromUserName>
<CreateTime>1444028808</CreateTime>
<MsgType><![CDATA[text]]></MsgType>
<Content><![CDATA[https://item.taobao.com/item.htm?spm=a217v.7782581.1998716749.1.FBm12p&id=43449402051]]></Content>
<MsgId>6202056505053555333</MsgId>
</xml>
<xml><ToUserName><![CDATA[oeHfxwAIkN6fPscPnZRLssOtQsXw]]></ToUserName><FromUserName><![CDATA[gh_098dac01e29b]]></FromUserName><MsgType><![CDATA[text]]></MsgType><Content><![CDATA[您还不是会员，只能创建1次链接，<a href="http://wechat.vtshow.top/home/pay/index">点击成为会员</a>，可创建更多]]></Content><CreateTime><![CDATA[1444028710]]></CreateTime><FuncFlag><![CDATA[0]]></FuncFlag></xml>
<xml><ToUserName><![CDATA[gh_098dac01e29b]]></ToUserName>
<FromUserName><![CDATA[oeHfxwAIkN6fPscPnZRLssOtQsXw]]></FromUserName>
<CreateTime>1444029963</CreateTime>
<MsgType><![CDATA[event]]></MsgType>
<Event><![CDATA[VIEW]]></Event>
<EventKey><![CDATA[http://wechat.vtshow.top/home/pay/index]]></EventKey>
</xml>
<xml><ToUserName><![CDATA[gh_098dac01e29b]]></ToUserName>
<FromUserName><![CDATA[oeHfxwAIkN6fPscPnZRLssOtQsXw]]></FromUserName>
<CreateTime>1444030207</CreateTime>
<MsgType><![CDATA[event]]></MsgType>
<Event><![CDATA[VIEW]]></Event>
<EventKey><![CDATA[http://wechat.vtshow.top/home/pay/index]]></EventKey>
</xml>
<xml><ToUserName><![CDATA[gh_098dac01e29b]]></ToUserName>
<FromUserName><![CDATA[oeHfxwAIkN6fPscPnZRLssOtQsXw]]></FromUserName>
<CreateTime>1444030245</CreateTime>
<MsgType><![CDATA[event]]></MsgType>
<Event><![CDATA[VIEW]]></Event>
<EventKey><![CDATA[http://wechat.vtshow.top/home/pay/index]]></EventKey>
</xml>
<xml><ToUserName><![CDATA[gh_098dac01e29b]]></ToUserName>
<FromUserName><![CDATA[oeHfxwAIkN6fPscPnZRLssOtQsXw]]></FromUserName>
<CreateTime>1444030562</CreateTime>
<MsgType><![CDATA[event]]></MsgType>
<Event><![CDATA[VIEW]]></Event>
<EventKey><![CDATA[http://wechat.vtshow.top/home/pay/index]]></EventKey>
</xml>
<xml><ToUserName><![CDATA[gh_098dac01e29b]]></ToUserName>
<FromUserName><![CDATA[oeHfxwAIkN6fPscPnZRLssOtQsXw]]></FromUserName>
<CreateTime>1444030732</CreateTime>
<MsgType><![CDATA[text]]></MsgType>
<Content><![CDATA[https://item.taobao.com/item.htm?spm=a217v.7782581.1998716749.3.FBm12p&id=45687611035]]></Content>
<MsgId>6202064768570633262</MsgId>
</xml>
<xml><ToUserName><![CDATA[oeHfxwAIkN6fPscPnZRLssOtQsXw]]></ToUserName><FromUserName><![CDATA[gh_098dac01e29b]]></FromUserName><MsgType><![CDATA[text]]></MsgType><Content><![CDATA[http://i.vtshow.top/show/18YDO]]></Content><CreateTime><![CDATA[1444030634]]></CreateTime><FuncFlag><![CDATA[0]]></FuncFlag></xml>
<xml><ToUserName><![CDATA[gh_098dac01e29b]]></ToUserName>
<FromUserName><![CDATA[oeHfxwAIkN6fPscPnZRLssOtQsXw]]></FromUserName>
<CreateTime>1444030753</CreateTime>
<MsgType><![CDATA[text]]></MsgType>
<Content><![CDATA[https://item.taobao.com/item.htm?spm=a217v.7782581.1998716749.4.FBm12p&id=44568405714]]></Content>
<MsgId>6202064858764946482</MsgId>
</xml>
<xml><ToUserName><![CDATA[oeHfxwAIkN6fPscPnZRLssOtQsXw]]></ToUserName><FromUserName><![CDATA[gh_098dac01e29b]]></FromUserName><MsgType><![CDATA[text]]></MsgType><Content><![CDATA[http://i.vtshow.top/show/1K6X9]]></Content><CreateTime><![CDATA[1444030655]]></CreateTime><FuncFlag><![CDATA[0]]></FuncFlag></xml>
<xml><ToUserName><![CDATA[gh_098dac01e29b]]></ToUserName>
<FromUserName><![CDATA[oeHfxwAIkN6fPscPnZRLssOtQsXw]]></FromUserName>
<CreateTime>1444030796</CreateTime>
<MsgType><![CDATA[text]]></MsgType>
<Content><![CDATA[https://anmani.tmall.com/p/rd802047.htm?spm=a222r.7724130.1437629789.12.Ety5HY&acm=lb-zebra-6477-110665.1003.4.440201&scm=1003.4.lb-zebra-6477-110665.SHOP_1098364456_440201]]></Content>
<MsgId>6202065043448540219</MsgId>
</xml>
<xml><ToUserName><![CDATA[oeHfxwAIkN6fPscPnZRLssOtQsXw]]></ToUserName><FromUserName><![CDATA[gh_098dac01e29b]]></FromUserName><MsgType><![CDATA[text]]></MsgType><Content><![CDATA[操作错误]]></Content><CreateTime><![CDATA[1444030699]]></CreateTime><FuncFlag><![CDATA[0]]></FuncFlag></xml>
<xml><ToUserName><![CDATA[gh_098dac01e29b]]></ToUserName>
<FromUserName><![CDATA[oeHfxwAIkN6fPscPnZRLssOtQsXw]]></FromUserName>
<CreateTime>1444030864</CreateTime>
<MsgType><![CDATA[text]]></MsgType>
<Content><![CDATA[https://detail.tmall.com/item.htm?spm=a1z10.4-b.w10650463-11182400144.3.WhHoDW&id=522642001645&sku_properties=-1:-1]]></Content>
<MsgId>6202065335506316370</MsgId>
</xml>
<xml><ToUserName><![CDATA[oeHfxwAIkN6fPscPnZRLssOtQsXw]]></ToUserName><FromUserName><![CDATA[gh_098dac01e29b]]></FromUserName><MsgType><![CDATA[text]]></MsgType><Content><![CDATA[http://i.vtshow.top/show/1VFGU]]></Content><CreateTime><![CDATA[1444030767]]></CreateTime><FuncFlag><![CDATA[0]]></FuncFlag></xml>
<xml><ToUserName><![CDATA[gh_098dac01e29b]]></ToUserName>
<FromUserName><![CDATA[oeHfxwAIkN6fPscPnZRLssOtQsXw]]></FromUserName>
<CreateTime>1444030929</CreateTime>
<MsgType><![CDATA[text]]></MsgType>
<Content><![CDATA[https://detail.tmall.com/item.htm?spm=a1z10.4-b.w10650463-11182400144.13.WhHoDW&id=522621935030]]></Content>
<MsgId>6202065614679190624</MsgId>
</xml>
<xml><ToUserName><![CDATA[oeHfxwAIkN6fPscPnZRLssOtQsXw]]></ToUserName><FromUserName><![CDATA[gh_098dac01e29b]]></FromUserName><MsgType><![CDATA[text]]></MsgType><Content><![CDATA[http://i.vtshow.top/show/26O0F]]></Content><CreateTime><![CDATA[1444030832]]></CreateTime><FuncFlag><![CDATA[0]]></FuncFlag></xml>
<xml><ToUserName><![CDATA[gh_098dac01e29b]]></ToUserName>
<FromUserName><![CDATA[oeHfxwAIkN6fPscPnZRLssOtQsXw]]></FromUserName>
<CreateTime>1444030933</CreateTime>
<MsgType><![CDATA[text]]></MsgType>
<Content><![CDATA[https://detail.tmall.com/item.htm?spm=a1z10.4-b.w10650463-11182400144.13.WhHoDW&id=522621935030]]></Content>
<MsgId>6202065631859059812</MsgId>
</xml>
<xml><ToUserName><![CDATA[oeHfxwAIkN6fPscPnZRLssOtQsXw]]></ToUserName><FromUserName><![CDATA[gh_098dac01e29b]]></FromUserName><MsgType><![CDATA[text]]></MsgType><Content><![CDATA[您是银牌会员，已经创建5次链接，, <a href="http://wechat.vtshow.top/home/pay/index">点击成为会员</a>，可创建更多]]></Content><CreateTime><![CDATA[1444030835]]></CreateTime><FuncFlag><![CDATA[0]]></FuncFlag></xml>
<xml><ToUserName><![CDATA[gh_098dac01e29b]]></ToUserName>
<FromUserName><![CDATA[oeHfxwAIkN6fPscPnZRLssOtQsXw]]></FromUserName>
<CreateTime>1444031030</CreateTime>
<MsgType><![CDATA[event]]></MsgType>
<Event><![CDATA[VIEW]]></Event>
<EventKey><![CDATA[http://wechat.vtshow.top/home/pay/index]]></EventKey>
</xml>
<xml><ToUserName><![CDATA[gh_098dac01e29b]]></ToUserName>
<FromUserName><![CDATA[oeHfxwAIkN6fPscPnZRLssOtQsXw]]></FromUserName>
<CreateTime>1444031167</CreateTime>
<MsgType><![CDATA[event]]></MsgType>
<Event><![CDATA[VIEW]]></Event>
<EventKey><![CDATA[http://wechat.vtshow.top/home/pay/index]]></EventKey>
</xml>
<xml><ToUserName><![CDATA[gh_098dac01e29b]]></ToUserName>
<FromUserName><![CDATA[oeHfxwAIkN6fPscPnZRLssOtQsXw]]></FromUserName>
<CreateTime>1444031196</CreateTime>
<MsgType><![CDATA[event]]></MsgType>
<Event><![CDATA[VIEW]]></Event>
<EventKey><![CDATA[http://wechat.vtshow.top/home/pay/index]]></EventKey>
</xml>
<xml><ToUserName><![CDATA[gh_098dac01e29b]]></ToUserName>
<FromUserName><![CDATA[oeHfxwAIkN6fPscPnZRLssOtQsXw]]></FromUserName>
<CreateTime>1444031202</CreateTime>
<MsgType><![CDATA[event]]></MsgType>
<Event><![CDATA[VIEW]]></Event>
<EventKey><![CDATA[http://wechat.vtshow.top/home/pay/index]]></EventKey>
</xml>
<xml><ToUserName><![CDATA[gh_098dac01e29b]]></ToUserName>
<FromUserName><![CDATA[oeHfxwAIkN6fPscPnZRLssOtQsXw]]></FromUserName>
<CreateTime>1444031381</CreateTime>
<MsgType><![CDATA[event]]></MsgType>
<Event><![CDATA[VIEW]]></Event>
<EventKey><![CDATA[http://wechat.vtshow.top/home/pay/index]]></EventKey>
</xml>
